Copyright 1986-2022 Xilinx, Inc. All Rights Reserved. Copyright 2022-2024 Advanced Micro Devices, Inc. All Rights Reserved.
---------------------------------------------------------------------------------------------------------------------------------------------
| Tool Version : Vivado v.2024.2 (lin64) Build 5239630 Fri Nov 08 22:34:34 MST 2024
| Date         : Wed Apr  1 11:35:54 2026
| Host         : kwakyj91 running 64-bit Ubuntu 24.04.4 LTS
| Command      : report_control_sets -verbose -file fan_dual_system_top_control_sets_placed.rpt
| Design       : fan_dual_system_top
| Device       : xc7a35t
---------------------------------------------------------------------------------------------------------------------------------------------

Control Set Information

Table of Contents
-----------------
1. Summary
2. Histogram
3. Flip-Flop Distribution
4. Detailed Control Set Information

1. Summary
----------

+----------------------------------------------------------+-------+
|                          Status                          | Count |
+----------------------------------------------------------+-------+
| Total control sets                                       |    14 |
|    Minimum number of control sets                        |    14 |
|    Addition due to synthesis replication                 |     0 |
|    Addition due to physical synthesis replication        |     0 |
| Unused register locations in slices containing registers |    34 |
+----------------------------------------------------------+-------+
* Control sets can be merged at opt_design using control_set_merge or merge_equivalent_drivers
** Run report_qor_suggestions for automated merging and remapping suggestions


2. Histogram
------------

+--------------------+-------+
|       Fanout       | Count |
+--------------------+-------+
| Total control sets |    14 |
| >= 0 to < 4        |     0 |
| >= 4 to < 6        |     0 |
| >= 6 to < 8        |     4 |
| >= 8 to < 10       |     0 |
| >= 10 to < 12      |     3 |
| >= 12 to < 14      |     0 |
| >= 14 to < 16      |     0 |
| >= 16              |     7 |
+--------------------+-------+
* Control sets can be remapped at either synth_design or opt_design


3. Flip-Flop Distribution
-------------------------

+--------------+-----------------------+------------------------+-----------------+--------------+
| Clock Enable | Synchronous Set/Reset | Asynchronous Set/Reset | Total Registers | Total Slices |
+--------------+-----------------------+------------------------+-----------------+--------------+
| No           | No                    | No                     |              49 |           17 |
| No           | No                    | Yes                    |              11 |            5 |
| No           | Yes                   | No                     |              14 |            4 |
| Yes          | No                    | No                     |              52 |           18 |
| Yes          | No                    | Yes                    |              44 |           13 |
| Yes          | Yes                   | No                     |              44 |           14 |
+--------------+-----------------------+------------------------+-----------------+--------------+


4. Detailed Control Set Information
-----------------------------------

+----------------+-----------------------------+-------------------------+------------------+----------------+--------------+
|  Clock Signal  |        Enable Signal        |     Set/Reset Signal    | Slice Load Count | Bel Load Count | Bels / Slice |
+----------------+-----------------------------+-------------------------+------------------+----------------+--------------+
|  clk_IBUF_BUFG | dht1/ed/E[0]                | reset_p_IBUF            |                2 |              6 |         3.00 |
|  clk_IBUF_BUFG | dht2/ed/E[0]                | reset_p_IBUF            |                2 |              6 |         3.00 |
|  clk_IBUF_BUFG |                             | dht2/cv/c[6]_i_1__0_n_0 |                2 |              7 |         3.50 |
|  clk_IBUF_BUFG |                             | dht1/cv/c[6]_i_1_n_0    |                2 |              7 |         3.50 |
|  clk_IBUF_BUFG | u_vga_sync/p_clk            |                         |                6 |             10 |         1.67 |
|  clk_IBUF_BUFG | u_vga_sync/v_cnt[9]_i_1_n_0 |                         |                6 |             10 |         1.67 |
|  clk_IBUF_BUFG |                             | reset_p_IBUF            |                5 |             11 |         2.20 |
|  clk_IBUF_BUFG | dht2/humidity[7]_i_1__0_n_0 | reset_p_IBUF            |                5 |             16 |         3.20 |
|  clk_IBUF_BUFG | dht1/temperature            | reset_p_IBUF            |                4 |             16 |         4.00 |
|  clk_IBUF_BUFG | dht2/ed/r_st_reg            |                         |                3 |             18 |         6.00 |
|  clk_IBUF_BUFG | dht1/ed/t_raw               |                         |                3 |             18 |         6.00 |
|  clk_IBUF_BUFG | dht2/cv/c_reg[2]_0          | dht2/u_cnt[21]_i_1_n_0  |                7 |             22 |         3.14 |
|  clk_IBUF_BUFG | dht1/cv/c_reg[2]_0          | dht1/u_cnt[21]_i_1_n_0  |                7 |             22 |         3.14 |
|  clk_IBUF_BUFG |                             |                         |               17 |             49 |         2.88 |
+----------------+-----------------------------+-------------------------+------------------+----------------+--------------+


