INFO: [VRFC 10-2263] Analyzing SystemVerilog file "/home/jsh-laptop/workspace_ondevice_2/fpga/self_study/OV7670/OV7670.srcs/sources_1/new/Image_conv.sv" into library xil_defaultlib
INFO: [VRFC 10-311] analyzing module Image_conv
INFO: [VRFC 10-2263] Analyzing SystemVerilog file "/home/jsh-laptop/workspace_ondevice_2/fpga/self_study/OV7670/OV7670.srcs/sources_1/new/OV_MASTER.sv" into library xil_defaultlib
INFO: [VRFC 10-311] analyzing module OV_MASTER
WARNING: [VRFC 10-8497] literal value 'd119435 truncated to fit in 16 bits [/home/jsh-laptop/workspace_ondevice_2/fpga/self_study/OV7670/OV7670.srcs/sources_1/new/OV_MASTER.sv:120]
INFO: [VRFC 10-2263] Analyzing SystemVerilog file "/home/jsh-laptop/workspace_ondevice_2/fpga/self_study/OV7670/OV7670.srcs/sources_1/new/OV_read.sv" into library xil_defaultlib
INFO: [VRFC 10-311] analyzing module OV_read
INFO: [VRFC 10-2263] Analyzing SystemVerilog file "/home/jsh-laptop/workspace_ondevice_2/fpga/self_study/OV7670/OV7670.srcs/sources_1/imports/new/VGA.sv" into library xil_defaultlib
INFO: [VRFC 10-311] analyzing module OV_VGA
INFO: [VRFC 10-2263] Analyzing SystemVerilog file "/home/jsh-laptop/workspace_ondevice_2/fpga/self_study/OV7670/OV7670.srcs/sources_1/imports/new/VGA_controller.sv" into library xil_defaultlib
INFO: [VRFC 10-311] analyzing module VGA_controller_b
INFO: [VRFC 10-2263] Analyzing SystemVerilog file "/home/jsh-laptop/workspace_ondevice_2/fpga/self_study/OV7670/OV7670.srcs/sources_1/imports/new/VGA_controller_t.sv" into library xil_defaultlib
INFO: [VRFC 10-311] analyzing module VGA_controller_m
INFO: [VRFC 10-2263] Analyzing SystemVerilog file "/home/jsh-laptop/workspace_ondevice_2/fpga/self_study/OV7670/OV7670.srcs/sources_1/new/make_sio_c.sv" into library xil_defaultlib
INFO: [VRFC 10-311] analyzing module make_sio_c
INFO: [VRFC 10-311] analyzing module edge_detector_n
INFO: [VRFC 10-2263] Analyzing SystemVerilog file "/home/jsh-laptop/workspace_ondevice_2/fpga/self_study/OV7670/OV7670.srcs/sources_1/new/ov7670_.sv" into library xil_defaultlib
INFO: [VRFC 10-311] analyzing module OV_write
INFO: [VRFC 10-2263] Analyzing SystemVerilog file "/home/jsh-laptop/workspace_ondevice_2/fpga/self_study/OV7670/OV7670.srcs/sim_1/new/tb_OV.sv" into library xil_defaultlib
INFO: [VRFC 10-311] analyzing module tb_OV
