#
# An unexpected error has occurred (11)
#
Stack:
/opt/Xilinx/Vivado/2024.2/tps/lnx64/jre21.0.1_12/lib//server/libjvm.so(+0xe4f55c) [0x7d836264f55c]
/opt/Xilinx/Vivado/2024.2/tps/lnx64/jre21.0.1_12/lib//server/libjvm.so(JVM_handle_linux_signal+0x23e) [0x7d836265002e]
/lib/x86_64-linux-gnu/libc.so.6(+0x45330) [0x7d839cc45330]
/opt/Xilinx/Vivado/2024.2/lib/lnx64.o/libxv_wavedata.so(WVDAppInterface::WVDWindowManager::createWcfg(std::__cxx11::basic_string<char, std::char_traits<char>, std::allocator<char> > const&)+0x4a8) [0x7d836d476eb8]
/opt/Xilinx/Vivado/2024.2/lib/lnx64.o/libxv_wavedatatasks.so(WVWaveObjectOptionsImp::parseOptions()+0x1b1) [0x7d82f00d5c51]
/opt/Xilinx/Vivado/2024.2/lib/lnx64.o/libxv_wavedatatasks.so(+0xa2a91) [0x7d82f00c8a91]
/opt/Xilinx/Vivado/2024.2/lib/lnx64.o/libxv_common.so(+0x911d5a) [0x7d83a6f11d5a]
/opt/Xilinx/Vivado/2024.2/lib/lnx64.o/libtcl8.6.so(TclNRRunCallbacks+0x47) [0x7d83a3484497]
/opt/Xilinx/Vivado/2024.2/lib/lnx64.o/libtcl8.6.so(+0x45309) [0x7d83a3486309]
/opt/Xilinx/Vivado/2024.2/lib/lnx64.o/libtcl8.6.so(Tcl_FSEvalFileEx+0x1f8) [0x7d83a353bae8]
/opt/Xilinx/Vivado/2024.2/lib/lnx64.o/libxv_commontasks.so(+0x495bb5) [0x7d839a095bb5]
/opt/Xilinx/Vivado/2024.2/lib/lnx64.o/libxv_common.so(+0x911d5a) [0x7d83a6f11d5a]
/opt/Xilinx/Vivado/2024.2/lib/lnx64.o/libtcl8.6.so(TclNRRunCallbacks+0x47) [0x7d83a3484497]
/opt/Xilinx/Vivado/2024.2/lib/lnx64.o/libxv_common.so(hdi::tcltasks::task_manager::eval_in_tcl(Tcl_Interp*, Tcl_Obj*, char const*, bool)+0xc08) [0x7d83a6f13658]
/opt/Xilinx/Vivado/2024.2/lib/lnx64.o/libxv_simtcltasks.so(RSTTclHelper::processTclbatchOption(hdi::tcltasks::task_options_base&, Tcl_Interp*)+0xf0) [0x7d82d883ef70]
/opt/Xilinx/Vivado/2024.2/lib/lnx64.o/libxv_simtcltasks.so(+0x1bccd4) [0x7d82d87bccd4]
/opt/Xilinx/Vivado/2024.2/lib/lnx64.o/libxv_common.so(+0x911d5a) [0x7d83a6f11d5a]
/opt/Xilinx/Vivado/2024.2/lib/lnx64.o/libtcl8.6.so(TclNRRunCallbacks+0x47) [0x7d83a3484497]
/opt/Xilinx/Vivado/2024.2/lib/lnx64.o/libxv_common.so(hdi::tcltasks::task_manager::eval_in_tcl(Tcl_Interp*, Tcl_Obj*, char const*, bool)+0xc08) [0x7d83a6f13658]
/opt/Xilinx/Vivado/2024.2/lib/lnx64.o/libxv_common.so(hdi::tcltasks::task_manager::eval_in_tcl(Tcl_Interp*, char const*, char const*, bool)+0xda) [0x7d83a6f13b6a]
/opt/Xilinx/Vivado/2024.2/lib/lnx64.o/libxv_common.so(hdi::tcltasks::task_manager::eval_in_tcl_throw(Tcl_Interp*, char const*, char const*, bool)+0x9) [0x7d83a6f13bf9]
/opt/Xilinx/Vivado/2024.2/lib/lnx64.o/libxv_simtcltasks.so(+0x1c3947) [0x7d82d87c3947]
/opt/Xilinx/Vivado/2024.2/lib/lnx64.o/libxv_common.so(+0x911d5a) [0x7d83a6f11d5a]
/opt/Xilinx/Vivado/2024.2/lib/lnx64.o/libtcl8.6.so(TclNRRunCallbacks+0x47) [0x7d83a3484497]
/opt/Xilinx/Vivado/2024.2/lib/lnx64.o/libxv_common.so(+0x910a2d) [0x7d83a6f10a2d]
/opt/Xilinx/Vivado/2024.2/lib/lnx64.o/libtcl8.6.so(Tcl_ServiceEvent+0x7f) [0x7d83a35486df]
/opt/Xilinx/Vivado/2024.2/lib/lnx64.o/libtcl8.6.so(Tcl_DoOneEvent+0x149) [0x7d83a35489f9]
/opt/Xilinx/Vivado/2024.2/lib/lnx64.o/libxv_commontasks.so(+0x45fc47) [0x7d839a05fc47]
/opt/Xilinx/Vivado/2024.2/lib/lnx64.o/libxv_commontasks.so(+0x46cc4c) [0x7d839a06cc4c]
/opt/Xilinx/Vivado/2024.2/lib/lnx64.o/libxv_commontasks.so(+0x46d48f) [0x7d839a06d48f]
/opt/Xilinx/Vivado/2024.2/lib/lnx64.o/libxv_common.so(+0x911d5a) [0x7d83a6f11d5a]
/opt/Xilinx/Vivado/2024.2/lib/lnx64.o/libtcl8.6.so(TclNRRunCallbacks+0x47) [0x7d83a3484497]
/opt/Xilinx/Vivado/2024.2/lib/lnx64.o/libxv_commonmain.so(+0xeae2) [0x7d83a77a2ae2]
/opt/Xilinx/Vivado/2024.2/lib/lnx64.o/libtcl8.6.so(Tcl_MainEx+0x1a8) [0x7d83a3543038]
/opt/Xilinx/Vivado/2024.2/lib/lnx64.o/libxv_common.so(+0xb7869e) [0x7d83a717869e]
/lib/x86_64-linux-gnu/libc.so.6(+0x9caa4) [0x7d839cc9caa4]
/lib/x86_64-linux-gnu/libc.so.6(+0x129c6c) [0x7d839cd29c6c]
