
*** Running vivado
    with args -log ring_counter_led_flag.vds -m64 -product Vivado -mode batch -messageDb vivado.pb -notrace -source ring_counter_led_flag.tcl


****** Vivado v2024.2 (64-bit)
  **** SW Build 5239630 on Fri Nov 08 22:34:34 MST 2024
  **** IP Build 5239520 on Sun Nov 10 16:12:51 MST 2024
  **** SharedData Build 5239561 on Fri Nov 08 14:39:27 MST 2024
  **** Start of session at: Wed Mar 25 12:21:05 2026
    ** Copyright 1986-2022 Xilinx, Inc. All Rights Reserved.
    ** Copyright 2022-2024 Advanced Micro Devices, Inc. All Rights Reserved.

source ring_counter_led_flag.tcl -notrace
Command: read_checkpoint -auto_incremental -incremental /home/kwakyj91/workspace_ondevice_2/fpga/combination_logic/combination_logic.srcs/utils_1/imports/synth_1/and_gate.dcp
INFO: [Vivado 12-5825] Read reference checkpoint from /home/kwakyj91/workspace_ondevice_2/fpga/combination_logic/combination_logic.srcs/utils_1/imports/synth_1/and_gate.dcp for incremental synthesis
INFO: [Vivado 12-7989] Please ensure there are no constraint changes
Command: synth_design -top ring_counter_led_flag -part xc7a35tcpg236-1
Starting synth_design
Attempting to get a license for feature 'Synthesis' and/or device 'xc7a35t'
INFO: [Common 17-349] Got license for feature 'Synthesis' and/or device 'xc7a35t'
INFO: [Device 21-403] Loading part xc7a35tcpg236-1
INFO: [Synth 8-7079] Multithreading enabled for synth_design using a maximum of 7 processes.
INFO: [Synth 8-7078] Launching helper process for spawning children vivado processes
INFO: [Synth 8-7075] Helper process launched with PID 26851
---------------------------------------------------------------------------------
Starting RTL Elaboration : Time (s): cpu = 00:00:02 ; elapsed = 00:00:03 . Memory (MB): peak = 1833.395 ; gain = 425.832 ; free physical = 21653 ; free virtual = 34825
---------------------------------------------------------------------------------
INFO: [Synth 8-6157] synthesizing module 'ring_counter_led_flag' [/home/kwakyj91/workspace_ondevice_2/fpga/combination_logic/combination_logic.srcs/sources_1/new/sequential_logic.v:645]
INFO: [Synth 8-6155] done synthesizing module 'ring_counter_led_flag' (0#1) [/home/kwakyj91/workspace_ondevice_2/fpga/combination_logic/combination_logic.srcs/sources_1/new/sequential_logic.v:645]
WARNING: [Synth 8-7137] Register led_reg in module ring_counter_led_flag has both Set and reset with same priority. This may cause simulation mismatches. Consider rewriting code  [/home/kwakyj91/workspace_ondevice_2/fpga/combination_logic/combination_logic.srcs/sources_1/new/sequential_logic.v:656]
---------------------------------------------------------------------------------
Finished RTL Elaboration : Time (s): cpu = 00:00:03 ; elapsed = 00:00:03 . Memory (MB): peak = 1904.363 ; gain = 496.801 ; free physical = 21602 ; free virtual = 34777
---------------------------------------------------------------------------------
---------------------------------------------------------------------------------
Start Handling Custom Attributes
---------------------------------------------------------------------------------
---------------------------------------------------------------------------------
Finished Handling Custom Attributes : Time (s): cpu = 00:00:03 ; elapsed = 00:00:03 . Memory (MB): peak = 1922.176 ; gain = 514.613 ; free physical = 21599 ; free virtual = 34774
---------------------------------------------------------------------------------
---------------------------------------------------------------------------------
Finished RTL Optimization Phase 1 : Time (s): cpu = 00:00:03 ; elapsed = 00:00:03 . Memory (MB): peak = 1922.176 ; gain = 514.613 ; free physical = 21599 ; free virtual = 34774
---------------------------------------------------------------------------------
Netlist sorting complete. Time (s): cpu = 00:00:00 ; elapsed = 00:00:00 . Memory (MB): peak = 1922.176 ; gain = 0.000 ; free physical = 21599 ; free virtual = 34774
INFO: [Project 1-570] Preparing netlist for logic optimization

Processing XDC Constraints
Initializing timing engine
Parsing XDC File [/home/kwakyj91/workspace_ondevice_2/fpga/combination_logic/combination_logic.srcs/constrs_1/imports/fpga/Basys-3-Master.xdc]
Finished Parsing XDC File [/home/kwakyj91/workspace_ondevice_2/fpga/combination_logic/combination_logic.srcs/constrs_1/imports/fpga/Basys-3-Master.xdc]
INFO: [Project 1-236] Implementation specific constraints were found while reading constraint file [/home/kwakyj91/workspace_ondevice_2/fpga/combination_logic/combination_logic.srcs/constrs_1/imports/fpga/Basys-3-Master.xdc]. These constraints will be ignored for synthesis but will be used in implementation. Impacted constraints are listed in the file [.Xil/ring_counter_led_flag_propImpl.xdc].
Resolution: To avoid this warning, move constraints listed in [.Xil/ring_counter_led_flag_propImpl.xdc] to another XDC file and exclude this new file from synthesis with the used_in_synthesis property (File Properties dialog in GUI) and re-run elaboration/synthesis.
Completed Processing XDC Constraints

Netlist sorting complete. Time (s): cpu = 00:00:00 ; elapsed = 00:00:00 . Memory (MB): peak = 2059.926 ; gain = 0.000 ; free physical = 21580 ; free virtual = 34770
INFO: [Project 1-111] Unisim Transformation Summary:
No Unisim elements were transformed.

Constraint Validation Runtime : Time (s): cpu = 00:00:00 ; elapsed = 00:00:00 . Memory (MB): peak = 2059.926 ; gain = 0.000 ; free physical = 21580 ; free virtual = 34770
---------------------------------------------------------------------------------
Finished Constraint Validation : Time (s): cpu = 00:00:07 ; elapsed = 00:00:07 . Memory (MB): peak = 2059.926 ; gain = 652.363 ; free physical = 21587 ; free virtual = 34777
---------------------------------------------------------------------------------
---------------------------------------------------------------------------------
Start Loading Part and Timing Information
---------------------------------------------------------------------------------
Loading part: xc7a35tcpg236-1
---------------------------------------------------------------------------------
Finished Loading Part and Timing Information : Time (s): cpu = 00:00:07 ; elapsed = 00:00:07 . Memory (MB): peak = 2067.930 ; gain = 660.367 ; free physical = 21587 ; free virtual = 34777
---------------------------------------------------------------------------------
---------------------------------------------------------------------------------
Start Applying 'set_property' XDC Constraints
---------------------------------------------------------------------------------
---------------------------------------------------------------------------------
Finished applying 'set_property' XDC Constraints : Time (s): cpu = 00:00:07 ; elapsed = 00:00:07 . Memory (MB): peak = 2067.930 ; gain = 660.367 ; free physical = 21587 ; free virtual = 34777
---------------------------------------------------------------------------------
---------------------------------------------------------------------------------
Start Preparing Guide Design
---------------------------------------------------------------------------------
CRITICAL WARNING: [Synth 8-6895] The reference checkpoint /home/kwakyj91/workspace_ondevice_2/fpga/combination_logic/combination_logic.srcs/utils_1/imports/synth_1/and_gate.dcp is not suitable for use with incremental synthesis for this design. Please regenerate the checkpoint for this design with -incremental_synth switch in the same Vivado session that synth_design has been run. Synthesis will continue with the default flow
---------------------------------------------------------------------------------
Finished Doing Graph Differ : Time (s): cpu = 00:00:07 ; elapsed = 00:00:07 . Memory (MB): peak = 2067.930 ; gain = 660.367 ; free physical = 21585 ; free virtual = 34776
---------------------------------------------------------------------------------
---------------------------------------------------------------------------------
Finished Preparing Guide Design : Time (s): cpu = 00:00:07 ; elapsed = 00:00:07 . Memory (MB): peak = 2067.930 ; gain = 660.367 ; free physical = 21585 ; free virtual = 34776
---------------------------------------------------------------------------------
---------------------------------------------------------------------------------
Finished RTL Optimization Phase 2 : Time (s): cpu = 00:00:07 ; elapsed = 00:00:08 . Memory (MB): peak = 2067.930 ; gain = 660.367 ; free physical = 21585 ; free virtual = 34776
---------------------------------------------------------------------------------


Incremental Synthesis Report Summary:

1. Incremental synthesis run: no

   Reason for not running incremental synthesis : 


INFO: [Synth 8-7130] Flow is switching to default flow due to incremental criteria not met. If you would like to alter this behaviour and have the flow terminate instead, please set the following parameter config_implementation {autoIncr.Synth.RejectBehavior Terminate}
---------------------------------------------------------------------------------
Start RTL Component Statistics 
---------------------------------------------------------------------------------
Detailed RTL Component Info : 
+---Registers : 
	               16 Bit    Registers := 1     
	                1 Bit    Registers := 1     
+---Muxes : 
	   2 Input   16 Bit        Muxes := 5     
	   2 Input    1 Bit        Muxes := 2     
---------------------------------------------------------------------------------
Finished RTL Component Statistics 
---------------------------------------------------------------------------------
---------------------------------------------------------------------------------
Start Part Resource Summary
---------------------------------------------------------------------------------
Part Resources:
DSPs: 90 (col length:60)
BRAMs: 100 (col length: RAMB18 60 RAMB36 30)
---------------------------------------------------------------------------------
Finished Part Resource Summary
---------------------------------------------------------------------------------
---------------------------------------------------------------------------------
Start Cross Boundary and Area Optimization
---------------------------------------------------------------------------------
WARNING: [Synth 8-7080] Parallel synthesis criteria is not met
---------------------------------------------------------------------------------
Finished Cross Boundary and Area Optimization : Time (s): cpu = 00:00:08 ; elapsed = 00:00:08 . Memory (MB): peak = 2067.930 ; gain = 660.367 ; free physical = 21579 ; free virtual = 34776
---------------------------------------------------------------------------------
---------------------------------------------------------------------------------
Start Applying XDC Timing Constraints
---------------------------------------------------------------------------------
---------------------------------------------------------------------------------
Finished Applying XDC Timing Constraints : Time (s): cpu = 00:00:11 ; elapsed = 00:00:11 . Memory (MB): peak = 2095.930 ; gain = 688.367 ; free physical = 21488 ; free virtual = 34692
---------------------------------------------------------------------------------
---------------------------------------------------------------------------------
Start Timing Optimization
---------------------------------------------------------------------------------
---------------------------------------------------------------------------------
Finished Timing Optimization : Time (s): cpu = 00:00:11 ; elapsed = 00:00:11 . Memory (MB): peak = 2105.945 ; gain = 698.383 ; free physical = 21473 ; free virtual = 34677
---------------------------------------------------------------------------------
---------------------------------------------------------------------------------
Start Technology Mapping
---------------------------------------------------------------------------------
---------------------------------------------------------------------------------
Finished Technology Mapping : Time (s): cpu = 00:00:11 ; elapsed = 00:00:11 . Memory (MB): peak = 2105.945 ; gain = 698.383 ; free physical = 21473 ; free virtual = 34677
---------------------------------------------------------------------------------
---------------------------------------------------------------------------------
Start IO Insertion
---------------------------------------------------------------------------------
---------------------------------------------------------------------------------
Start Flattening Before IO Insertion
---------------------------------------------------------------------------------
---------------------------------------------------------------------------------
Finished Flattening Before IO Insertion
---------------------------------------------------------------------------------
---------------------------------------------------------------------------------
Start Final Netlist Cleanup
---------------------------------------------------------------------------------
---------------------------------------------------------------------------------
Finished Final Netlist Cleanup
---------------------------------------------------------------------------------
---------------------------------------------------------------------------------
Finished IO Insertion : Time (s): cpu = 00:00:13 ; elapsed = 00:00:13 . Memory (MB): peak = 2267.758 ; gain = 860.195 ; free physical = 21344 ; free virtual = 34548
---------------------------------------------------------------------------------
---------------------------------------------------------------------------------
Start Renaming Generated Instances
---------------------------------------------------------------------------------
---------------------------------------------------------------------------------
Finished Renaming Generated Instances : Time (s): cpu = 00:00:13 ; elapsed = 00:00:13 . Memory (MB): peak = 2267.758 ; gain = 860.195 ; free physical = 21344 ; free virtual = 34548
---------------------------------------------------------------------------------
---------------------------------------------------------------------------------
Start Rebuilding User Hierarchy
---------------------------------------------------------------------------------
---------------------------------------------------------------------------------
Finished Rebuilding User Hierarchy : Time (s): cpu = 00:00:13 ; elapsed = 00:00:13 . Memory (MB): peak = 2267.758 ; gain = 860.195 ; free physical = 21344 ; free virtual = 34548
---------------------------------------------------------------------------------
---------------------------------------------------------------------------------
Start Renaming Generated Ports
---------------------------------------------------------------------------------
---------------------------------------------------------------------------------
Finished Renaming Generated Ports : Time (s): cpu = 00:00:13 ; elapsed = 00:00:13 . Memory (MB): peak = 2267.758 ; gain = 860.195 ; free physical = 21344 ; free virtual = 34548
---------------------------------------------------------------------------------
---------------------------------------------------------------------------------
Start Handling Custom Attributes
---------------------------------------------------------------------------------
---------------------------------------------------------------------------------
Finished Handling Custom Attributes : Time (s): cpu = 00:00:13 ; elapsed = 00:00:13 . Memory (MB): peak = 2267.758 ; gain = 860.195 ; free physical = 21344 ; free virtual = 34548
---------------------------------------------------------------------------------
---------------------------------------------------------------------------------
Start Renaming Generated Nets
---------------------------------------------------------------------------------
---------------------------------------------------------------------------------
Finished Renaming Generated Nets : Time (s): cpu = 00:00:13 ; elapsed = 00:00:13 . Memory (MB): peak = 2267.758 ; gain = 860.195 ; free physical = 21344 ; free virtual = 34548
---------------------------------------------------------------------------------
---------------------------------------------------------------------------------
Start Writing Synthesis Report
---------------------------------------------------------------------------------

Report BlackBoxes: 
+-+--------------+----------+
| |BlackBox name |Instances |
+-+--------------+----------+
+-+--------------+----------+

Report Cell Usage: 
+------+-------+------+
|      |Cell   |Count |
+------+-------+------+
|1     |BUFG   |     1|
|2     |CARRY4 |     6|
|3     |LUT1   |     1|
|4     |LUT2   |     1|
|5     |FDCE   |    16|
|6     |FDPE   |     1|
|7     |FDRE   |    23|
|8     |IBUF   |     2|
|9     |OBUF   |    16|
+------+-------+------+
---------------------------------------------------------------------------------
Finished Writing Synthesis Report : Time (s): cpu = 00:00:13 ; elapsed = 00:00:13 . Memory (MB): peak = 2267.758 ; gain = 860.195 ; free physical = 21344 ; free virtual = 34548
---------------------------------------------------------------------------------
Synthesis finished with 0 errors, 1 critical warnings and 1 warnings.
Synthesis Optimization Runtime : Time (s): cpu = 00:00:12 ; elapsed = 00:00:12 . Memory (MB): peak = 2267.758 ; gain = 722.445 ; free physical = 21344 ; free virtual = 34548
Synthesis Optimization Complete : Time (s): cpu = 00:00:13 ; elapsed = 00:00:13 . Memory (MB): peak = 2267.766 ; gain = 860.195 ; free physical = 21344 ; free virtual = 34548
INFO: [Project 1-571] Translating synthesized netlist
Netlist sorting complete. Time (s): cpu = 00:00:00 ; elapsed = 00:00:00 . Memory (MB): peak = 2267.766 ; gain = 0.000 ; free physical = 21344 ; free virtual = 34548
INFO: [Netlist 29-17] Analyzing 6 Unisim elements for replacement
INFO: [Netlist 29-28] Unisim Transformation completed in 0 CPU seconds
INFO: [Project 1-570] Preparing netlist for logic optimization
INFO: [Opt 31-138] Pushed 0 inverter(s) to 0 load pin(s).
Netlist sorting complete. Time (s): cpu = 00:00:00 ; elapsed = 00:00:00 . Memory (MB): peak = 2267.766 ; gain = 0.000 ; free physical = 21522 ; free virtual = 34727
INFO: [Project 1-111] Unisim Transformation Summary:
No Unisim elements were transformed.

Synth Design complete | Checksum: 5ebbdbe8
INFO: [Common 17-83] Releasing license: Synthesis
20 Infos, 2 Warnings, 1 Critical Warnings and 0 Errors encountered.
synth_design completed successfully
synth_design: Time (s): cpu = 00:00:18 ; elapsed = 00:00:16 . Memory (MB): peak = 2267.766 ; gain = 880.984 ; free physical = 21522 ; free virtual = 34727
INFO: [Common 17-2834] synth_design peak Physical Memory [PSS] (MB): overall = 1484.365; main = 1484.365; forked = 269.202
INFO: [Common 17-2834] synth_design peak Virtual Memory [VSS] (MB): overall = 2988.812; main = 2267.762; forked = 920.879
INFO: [runtcl-6] Synthesis results are not added to the cache due to CRITICAL_WARNING
Write ShapeDB Complete: Time (s): cpu = 00:00:00 ; elapsed = 00:00:00 . Memory (MB): peak = 2291.770 ; gain = 0.000 ; free physical = 21522 ; free virtual = 34727
INFO: [Common 17-1381] The checkpoint '/home/kwakyj91/workspace_ondevice_2/fpga/combination_logic/combination_logic.runs/synth_1/ring_counter_led_flag.dcp' has been generated.
INFO: [Vivado 12-24828] Executing command : report_utilization -file ring_counter_led_flag_utilization_synth.rpt -pb ring_counter_led_flag_utilization_synth.pb
INFO: [Common 17-206] Exiting Vivado at Wed Mar 25 12:21:23 2026...
