
*** Running vivado
    with args -log OV_VGA.vdi -applog -m64 -product Vivado -messageDb vivado.pb -mode batch -source OV_VGA.tcl -notrace


****** Vivado v2024.2 (64-bit)
  **** SW Build 5239630 on Fri Nov 08 22:34:34 MST 2024
  **** IP Build 5239520 on Sun Nov 10 16:12:51 MST 2024
  **** SharedData Build 5239561 on Fri Nov 08 14:39:27 MST 2024
  **** Start of session at: Tue Mar 31 14:37:38 2026
    ** Copyright 1986-2022 Xilinx, Inc. All Rights Reserved.
    ** Copyright 2022-2024 Advanced Micro Devices, Inc. All Rights Reserved.

source OV_VGA.tcl -notrace
Command: link_design -top OV_VGA -part xc7a35tcpg236-1
Design is defaulting to srcset: sources_1
Design is defaulting to constrset: constrs_1
INFO: [Device 21-403] Loading part xc7a35tcpg236-1
INFO: [Project 1-454] Reading design checkpoint '/home/jsh-laptop/workspace_ondevice_2/fpga/self_study/OV7670_2/OV7670_2.gen/sources_1/ip/blk_mem_gen_0/blk_mem_gen_0.dcp' for cell 'bram0'
INFO: [Project 1-454] Reading design checkpoint '/home/jsh-laptop/workspace_ondevice_2/fpga/self_study/OV7670_2/OV7670_2.gen/sources_1/ip/clk_wiz_0/clk_wiz_0.dcp' for cell 'cw0'
Netlist sorting complete. Time (s): cpu = 00:00:00 ; elapsed = 00:00:00.01 . Memory (MB): peak = 1468.617 ; gain = 0.000 ; free physical = 3751 ; free virtual = 14855
INFO: [Netlist 29-17] Analyzing 121 Unisim elements for replacement
INFO: [Netlist 29-28] Unisim Transformation completed in 0 CPU seconds
INFO: [Project 1-479] Netlist was created with Vivado 2024.2
INFO: [Project 1-570] Preparing netlist for logic optimization
Parsing XDC File [/home/jsh-laptop/workspace_ondevice_2/fpga/self_study/OV7670_2/OV7670_2.gen/sources_1/ip/clk_wiz_0/clk_wiz_0_board.xdc] for cell 'cw0/inst'
Finished Parsing XDC File [/home/jsh-laptop/workspace_ondevice_2/fpga/self_study/OV7670_2/OV7670_2.gen/sources_1/ip/clk_wiz_0/clk_wiz_0_board.xdc] for cell 'cw0/inst'
Parsing XDC File [/home/jsh-laptop/workspace_ondevice_2/fpga/self_study/OV7670_2/OV7670_2.gen/sources_1/ip/clk_wiz_0/clk_wiz_0.xdc] for cell 'cw0/inst'
INFO: [Timing 38-35] Done setting XDC timing constraints. [/home/jsh-laptop/workspace_ondevice_2/fpga/self_study/OV7670_2/OV7670_2.gen/sources_1/ip/clk_wiz_0/clk_wiz_0.xdc:54]
INFO: [Timing 38-2] Deriving generated clocks [/home/jsh-laptop/workspace_ondevice_2/fpga/self_study/OV7670_2/OV7670_2.gen/sources_1/ip/clk_wiz_0/clk_wiz_0.xdc:54]
Finished Parsing XDC File [/home/jsh-laptop/workspace_ondevice_2/fpga/self_study/OV7670_2/OV7670_2.gen/sources_1/ip/clk_wiz_0/clk_wiz_0.xdc] for cell 'cw0/inst'
Parsing XDC File [/home/jsh-laptop/workspace_ondevice_2/fpga/self_study/OV7670_2/OV7670_2.srcs/constrs_1/imports/fpga/Basys-3-Master.xdc]
INFO: [Timing 38-2] Deriving generated clocks [/home/jsh-laptop/workspace_ondevice_2/fpga/self_study/OV7670_2/OV7670_2.srcs/constrs_1/imports/fpga/Basys-3-Master.xdc:101]
Finished Parsing XDC File [/home/jsh-laptop/workspace_ondevice_2/fpga/self_study/OV7670_2/OV7670_2.srcs/constrs_1/imports/fpga/Basys-3-Master.xdc]
INFO: [Opt 31-138] Pushed 0 inverter(s) to 0 load pin(s).
Netlist sorting complete. Time (s): cpu = 00:00:00 ; elapsed = 00:00:00 . Memory (MB): peak = 2159.191 ; gain = 0.000 ; free physical = 3222 ; free virtual = 14325
INFO: [Project 1-111] Unisim Transformation Summary:
  A total of 1 instances were transformed.
  IOBUF => IOBUF (IBUF, OBUFT): 1 instance 

12 Infos, 0 Warnings, 0 Critical Warnings and 0 Errors encountered.
link_design completed successfully
link_design: Time (s): cpu = 00:00:06 ; elapsed = 00:00:06 . Memory (MB): peak = 2159.191 ; gain = 690.574 ; free physical = 3222 ; free virtual = 14325
Command: opt_design
Attempting to get a license for feature 'Implementation' and/or device 'xc7a35t'
INFO: [Common 17-349] Got license for feature 'Implementation' and/or device 'xc7a35t'
Running DRC as a precondition to command opt_design

Starting DRC Task
INFO: [DRC 23-27] Running DRC with 8 threads
INFO: [Project 1-461] DRC finished with 0 Errors
INFO: [Project 1-462] Please refer to the DRC report (report_drc) for more information.

Time (s): cpu = 00:00:03 ; elapsed = 00:00:00.68 . Memory (MB): peak = 2177.004 ; gain = 17.812 ; free physical = 3148 ; free virtual = 14252

Starting Cache Timing Information Task
INFO: [Timing 38-35] Done setting XDC timing constraints.
Ending Cache Timing Information Task | Checksum: 29fe7d7d6

Time (s): cpu = 00:00:00.09 ; elapsed = 00:00:00.03 . Memory (MB): peak = 2218.816 ; gain = 41.812 ; free physical = 3148 ; free virtual = 14252

Starting Logic Optimization Task

Phase 1 Initialization

Phase 1.1 Core Generation And Design Setup
Phase 1.1 Core Generation And Design Setup | Checksum: 29fe7d7d6

Time (s): cpu = 00:00:00.01 ; elapsed = 00:00:00.01 . Memory (MB): peak = 2539.684 ; gain = 0.000 ; free physical = 2811 ; free virtual = 13915

Phase 1.2 Setup Constraints And Sort Netlist
Phase 1.2 Setup Constraints And Sort Netlist | Checksum: 29fe7d7d6

Time (s): cpu = 00:00:00.01 ; elapsed = 00:00:00.01 . Memory (MB): peak = 2539.684 ; gain = 0.000 ; free physical = 2811 ; free virtual = 13915
Phase 1 Initialization | Checksum: 29fe7d7d6

Time (s): cpu = 00:00:00.01 ; elapsed = 00:00:00.01 . Memory (MB): peak = 2539.684 ; gain = 0.000 ; free physical = 2811 ; free virtual = 13915

Phase 2 Timer Update And Timing Data Collection

Phase 2.1 Timer Update
Phase 2.1 Timer Update | Checksum: 29fe7d7d6

Time (s): cpu = 00:00:00.1 ; elapsed = 00:00:00.03 . Memory (MB): peak = 2539.684 ; gain = 0.000 ; free physical = 2811 ; free virtual = 13915

Phase 2.2 Timing Data Collection
Phase 2.2 Timing Data Collection | Checksum: 29fe7d7d6

Time (s): cpu = 00:00:00.1 ; elapsed = 00:00:00.03 . Memory (MB): peak = 2539.684 ; gain = 0.000 ; free physical = 2811 ; free virtual = 13915
Phase 2 Timer Update And Timing Data Collection | Checksum: 29fe7d7d6

Time (s): cpu = 00:00:00.1 ; elapsed = 00:00:00.03 . Memory (MB): peak = 2539.684 ; gain = 0.000 ; free physical = 2811 ; free virtual = 13915

Phase 3 Retarget
INFO: [Opt 31-1851] Number of loadless carry chains removed were: 0
INFO: [Opt 31-1834] Total Chains To Be Transformed Were: 0 AND Number of Transformed insts Created are: 0
INFO: [Opt 31-138] Pushed 1 inverter(s) to 1 load pin(s).
INFO: [Opt 31-49] Retargeted 0 cell(s).
Phase 3 Retarget | Checksum: 1f1829303

Time (s): cpu = 00:00:00.12 ; elapsed = 00:00:00.05 . Memory (MB): peak = 2539.684 ; gain = 0.000 ; free physical = 2811 ; free virtual = 13915
Retarget | Checksum: 1f1829303
INFO: [Opt 31-389] Phase Retarget created 6 cells and removed 6 cells
INFO: [Opt 31-1021] In phase Retarget, 1 netlist objects are constrained preventing optimization. Please run opt_design with -debug_log to get more detail. 

Phase 4 Constant propagation
INFO: [Opt 31-138] Pushed 0 inverter(s) to 0 load pin(s).
Phase 4 Constant propagation | Checksum: 1f1829303

Time (s): cpu = 00:00:00.12 ; elapsed = 00:00:00.05 . Memory (MB): peak = 2539.684 ; gain = 0.000 ; free physical = 2811 ; free virtual = 13915
Constant propagation | Checksum: 1f1829303
INFO: [Opt 31-389] Phase Constant propagation created 0 cells and removed 0 cells

Phase 5 Sweep
INFO: [Constraints 18-11670] Building netlist checker database with flags, 0x8
Done building netlist checker database: Time (s): cpu = 00:00:00 ; elapsed = 00:00:00 . Memory (MB): peak = 2539.684 ; gain = 0.000 ; free physical = 2811 ; free virtual = 13915
INFO: [Constraints 18-11670] Building netlist checker database with flags, 0x8
Done building netlist checker database: Time (s): cpu = 00:00:00 ; elapsed = 00:00:00 . Memory (MB): peak = 2539.684 ; gain = 0.000 ; free physical = 2811 ; free virtual = 13915
Phase 5 Sweep | Checksum: 23497c90e

Time (s): cpu = 00:00:00.14 ; elapsed = 00:00:00.07 . Memory (MB): peak = 2539.684 ; gain = 0.000 ; free physical = 2811 ; free virtual = 13915
Sweep | Checksum: 23497c90e
INFO: [Opt 31-389] Phase Sweep created 0 cells and removed 0 cells

Phase 6 BUFG optimization
Phase 6 BUFG optimization | Checksum: 23497c90e

Time (s): cpu = 00:00:00.16 ; elapsed = 00:00:00.09 . Memory (MB): peak = 2571.699 ; gain = 32.016 ; free physical = 2811 ; free virtual = 13915
BUFG optimization | Checksum: 23497c90e
INFO: [Opt 31-662] Phase BUFG optimization created 0 cells of which 0 are BUFGs and removed 0 cells.

Phase 7 Shift Register Optimization
INFO: [Opt 31-1064] SRL Remap converted 0 SRLs to 0 registers and converted 0 registers of register chains to 0 SRLs
Phase 7 Shift Register Optimization | Checksum: 23497c90e

Time (s): cpu = 00:00:00.16 ; elapsed = 00:00:00.09 . Memory (MB): peak = 2571.699 ; gain = 32.016 ; free physical = 2811 ; free virtual = 13914
Shift Register Optimization | Checksum: 23497c90e
INFO: [Opt 31-389] Phase Shift Register Optimization created 0 cells and removed 0 cells

Phase 8 Post Processing Netlist
Phase 8 Post Processing Netlist | Checksum: 23497c90e

Time (s): cpu = 00:00:00.17 ; elapsed = 00:00:00.09 . Memory (MB): peak = 2571.699 ; gain = 32.016 ; free physical = 2811 ; free virtual = 13914
Post Processing Netlist | Checksum: 23497c90e
INFO: [Opt 31-389] Phase Post Processing Netlist created 0 cells and removed 0 cells

Phase 9 Finalization

Phase 9.1 Finalizing Design Cores and Updating Shapes
Phase 9.1 Finalizing Design Cores and Updating Shapes | Checksum: 26481a3e1

Time (s): cpu = 00:00:00.17 ; elapsed = 00:00:00.1 . Memory (MB): peak = 2571.699 ; gain = 32.016 ; free physical = 2811 ; free virtual = 13914

Phase 9.2 Verifying Netlist Connectivity

Starting Connectivity Check Task

Time (s): cpu = 00:00:00 ; elapsed = 00:00:00 . Memory (MB): peak = 2571.699 ; gain = 0.000 ; free physical = 2811 ; free virtual = 13914
Phase 9.2 Verifying Netlist Connectivity | Checksum: 26481a3e1

Time (s): cpu = 00:00:00.18 ; elapsed = 00:00:00.1 . Memory (MB): peak = 2571.699 ; gain = 32.016 ; free physical = 2811 ; free virtual = 13914
Phase 9 Finalization | Checksum: 26481a3e1

Time (s): cpu = 00:00:00.18 ; elapsed = 00:00:00.1 . Memory (MB): peak = 2571.699 ; gain = 32.016 ; free physical = 2811 ; free virtual = 13914
Opt_design Change Summary
=========================


-------------------------------------------------------------------------------------------------------------------------
|  Phase                        |  #Cells created  |  #Cells Removed  |  #Constrained objects preventing optimizations  |
-------------------------------------------------------------------------------------------------------------------------
|  Retarget                     |               6  |               6  |                                              1  |
|  Constant propagation         |               0  |               0  |                                              0  |
|  Sweep                        |               0  |               0  |                                              0  |
|  BUFG optimization            |               0  |               0  |                                              0  |
|  Shift Register Optimization  |               0  |               0  |                                              0  |
|  Post Processing Netlist      |               0  |               0  |                                              0  |
-------------------------------------------------------------------------------------------------------------------------


Ending Logic Optimization Task | Checksum: 26481a3e1

Time (s): cpu = 00:00:00.18 ; elapsed = 00:00:00.1 . Memory (MB): peak = 2571.699 ; gain = 32.016 ; free physical = 2811 ; free virtual = 13914

Starting Power Optimization Task
INFO: [Pwropt 34-132] Skipping clock gating for clocks with a period < 2.00 ns.
INFO: [Timing 38-35] Done setting XDC timing constraints.
Running Vector-less Activity Propagation...

Finished Running Vector-less Activity Propagation
INFO: [Pwropt 34-9] Applying IDT optimizations ...
INFO: [Pwropt 34-10] Applying ODC optimizations ...


Starting PowerOpt Patch Enables Task
INFO: [Pwropt 34-162] WRITE_MODE attribute of 44 BRAM(s) out of a total of 50 has been updated to save power. Run report_power_opt to get a complete listing of the BRAMs updated.
INFO: [Pwropt 34-201] Structural ODC has moved 0 WE to EN ports
Number of BRAM Ports augmented: 18 newly gated: 0 Total Ports: 100
Number of Flops added for Enable Generation: 2

Ending PowerOpt Patch Enables Task | Checksum: 25040de20

Time (s): cpu = 00:00:00.11 ; elapsed = 00:00:00.09 . Memory (MB): peak = 2855.520 ; gain = 0.000 ; free physical = 2679 ; free virtual = 13782
Ending Power Optimization Task | Checksum: 25040de20

Time (s): cpu = 00:00:02 ; elapsed = 00:00:02 . Memory (MB): peak = 2855.520 ; gain = 283.820 ; free physical = 2679 ; free virtual = 13782

Starting Final Cleanup Task

Starting Logic Optimization Task
INFO: [Timing 38-35] Done setting XDC timing constraints.
Ending Logic Optimization Task | Checksum: 1f23328a0

Time (s): cpu = 00:00:00.27 ; elapsed = 00:00:00.09 . Memory (MB): peak = 2855.520 ; gain = 0.000 ; free physical = 2679 ; free virtual = 13782
Ending Final Cleanup Task | Checksum: 1f23328a0

Time (s): cpu = 00:00:02 ; elapsed = 00:00:02 . Memory (MB): peak = 2855.520 ; gain = 0.000 ; free physical = 2679 ; free virtual = 13782

Starting Netlist Obfuscation Task
Netlist sorting complete. Time (s): cpu = 00:00:00 ; elapsed = 00:00:00 . Memory (MB): peak = 2855.520 ; gain = 0.000 ; free physical = 2679 ; free virtual = 13782
Ending Netlist Obfuscation Task | Checksum: 1f23328a0

Time (s): cpu = 00:00:00.01 ; elapsed = 00:00:00 . Memory (MB): peak = 2855.520 ; gain = 0.000 ; free physical = 2679 ; free virtual = 13782
INFO: [Common 17-83] Releasing license: Implementation
40 Infos, 0 Warnings, 0 Critical Warnings and 0 Errors encountered.
opt_design completed successfully
opt_design: Time (s): cpu = 00:00:09 ; elapsed = 00:00:06 . Memory (MB): peak = 2855.520 ; gain = 696.328 ; free physical = 2679 ; free virtual = 13782
INFO: [Vivado 12-24828] Executing command : report_drc -file OV_VGA_drc_opted.rpt -pb OV_VGA_drc_opted.pb -rpx OV_VGA_drc_opted.rpx
Command: report_drc -file OV_VGA_drc_opted.rpt -pb OV_VGA_drc_opted.pb -rpx OV_VGA_drc_opted.rpx
INFO: [IP_Flow 19-1839] IP Catalog is up to date.
INFO: [DRC 23-27] Running DRC with 8 threads
INFO: [Vivado_Tcl 2-168] The results of DRC are in file /home/jsh-laptop/workspace_ondevice_2/fpga/self_study/OV7670_2/OV7670_2.runs/impl_1/OV_VGA_drc_opted.rpt.
report_drc completed successfully
INFO: [Timing 38-35] Done setting XDC timing constraints.
INFO: [Timing 38-480] Writing timing data to binary archive.
Write ShapeDB Complete: Time (s): cpu = 00:00:00.01 ; elapsed = 00:00:00 . Memory (MB): peak = 2855.520 ; gain = 0.000 ; free physical = 2671 ; free virtual = 13775
Wrote PlaceDB: Time (s): cpu = 00:00:00.01 ; elapsed = 00:00:00 . Memory (MB): peak = 2855.520 ; gain = 0.000 ; free physical = 2671 ; free virtual = 13775
Wrote PulsedLatchDB: Time (s): cpu = 00:00:00 ; elapsed = 00:00:00 . Memory (MB): peak = 2855.520 ; gain = 0.000 ; free physical = 2671 ; free virtual = 13775
Writing XDEF routing.
Writing XDEF routing logical nets.
Writing XDEF routing special nets.
Wrote RouteStorage: Time (s): cpu = 00:00:00.04 ; elapsed = 00:00:00.01 . Memory (MB): peak = 2855.520 ; gain = 0.000 ; free physical = 2669 ; free virtual = 13773
Wrote Netlist Cache: Time (s): cpu = 00:00:00 ; elapsed = 00:00:00 . Memory (MB): peak = 2855.520 ; gain = 0.000 ; free physical = 2669 ; free virtual = 13773
Wrote Device Cache: Time (s): cpu = 00:00:00.01 ; elapsed = 00:00:00 . Memory (MB): peak = 2855.520 ; gain = 0.000 ; free physical = 2669 ; free virtual = 13773
Write Physdb Complete: Time (s): cpu = 00:00:00.06 ; elapsed = 00:00:00.02 . Memory (MB): peak = 2855.520 ; gain = 0.000 ; free physical = 2669 ; free virtual = 13773
INFO: [Common 17-1381] The checkpoint '/home/jsh-laptop/workspace_ondevice_2/fpga/self_study/OV7670_2/OV7670_2.runs/impl_1/OV_VGA_opt.dcp' has been generated.
Command: place_design
Attempting to get a license for feature 'Implementation' and/or device 'xc7a35t'
INFO: [Common 17-349] Got license for feature 'Implementation' and/or device 'xc7a35t'
INFO: [Common 17-83] Releasing license: Implementation
INFO: [DRC 23-27] Running DRC with 8 threads
INFO: [Vivado_Tcl 4-198] DRC finished with 0 Errors
INFO: [Vivado_Tcl 4-199] Please refer to the DRC report (report_drc) for more information.
Running DRC as a precondition to command place_design
INFO: [DRC 23-27] Running DRC with 8 threads
INFO: [Vivado_Tcl 4-198] DRC finished with 0 Errors, 42 Warnings
INFO: [Vivado_Tcl 4-199] Please refer to the DRC report (report_drc) for more information.
INFO: [Place 30-611] Multithreading enabled for place_design using a maximum of 8 CPUs

Starting Placer Task

Phase 1 Placer Initialization

Phase 1.1 Placer Initialization Netlist Sorting
Netlist sorting complete. Time (s): cpu = 00:00:00 ; elapsed = 00:00:00 . Memory (MB): peak = 2855.520 ; gain = 0.000 ; free physical = 2644 ; free virtual = 13748
Phase 1.1 Placer Initialization Netlist Sorting | Checksum: 19a040864

Time (s): cpu = 00:00:00 ; elapsed = 00:00:00 . Memory (MB): peak = 2855.520 ; gain = 0.000 ; free physical = 2644 ; free virtual = 13748
Netlist sorting complete. Time (s): cpu = 00:00:00 ; elapsed = 00:00:00 . Memory (MB): peak = 2855.520 ; gain = 0.000 ; free physical = 2644 ; free virtual = 13748

Phase 1.2 IO Placement/ Clock Placement/ Build Placer Device
WARNING: [Place 30-574] Poor placement for routing between an IO pin and BUFG. This is normally an ERROR but the CLOCK_DEDICATED_ROUTE constraint is set to FALSE allowing your design to continue. The use of this override is highly discouraged as it may lead to very poor timing results. It is recommended that this error condition be corrected in the design.

	PCLK_IBUF_inst (IBUF.O) is locked to IOB_X0Y25
	PCLK_IBUF_BUFG_inst (BUFG.I) is provisionally placed by clockplacer on BUFGCTRL_X0Y2
Resolution: Poor placement of an IO pin and a BUFG has resulted in the router using a non-dedicated path between the two.  There are several things that could trigger this DRC, each of which can cause unpredictable clock insertion delays that result in poor timing.  This DRC could be caused by any of the following: (a) a clock port was placed on a pin that is not a CCIO-pin (b)the BUFG has not been placed in the same half of the device or SLR as the CCIO-pin (c) a single ended clock has been placed on the N-Side of a differential pair CCIO-pin.
Phase 1.2 IO Placement/ Clock Placement/ Build Placer Device | Checksum: 2789af88a

Time (s): cpu = 00:00:00.37 ; elapsed = 00:00:00.12 . Memory (MB): peak = 2855.520 ; gain = 0.000 ; free physical = 2643 ; free virtual = 13747

Phase 1.3 Build Placer Netlist Model
Phase 1.3 Build Placer Netlist Model | Checksum: 30d0b219a

Time (s): cpu = 00:00:00.9 ; elapsed = 00:00:00.3 . Memory (MB): peak = 2855.520 ; gain = 0.000 ; free physical = 2643 ; free virtual = 13746

Phase 1.4 Constrain Clocks/Macros
Phase 1.4 Constrain Clocks/Macros | Checksum: 30d0b219a

Time (s): cpu = 00:00:00.91 ; elapsed = 00:00:00.31 . Memory (MB): peak = 2855.520 ; gain = 0.000 ; free physical = 2643 ; free virtual = 13746
Phase 1 Placer Initialization | Checksum: 30d0b219a

Time (s): cpu = 00:00:00.92 ; elapsed = 00:00:00.31 . Memory (MB): peak = 2855.520 ; gain = 0.000 ; free physical = 2643 ; free virtual = 13746

Phase 2 Global Placement

Phase 2.1 Floorplanning
Phase 2.1 Floorplanning | Checksum: 3526a02cb

Time (s): cpu = 00:00:01 ; elapsed = 00:00:00.37 . Memory (MB): peak = 2855.520 ; gain = 0.000 ; free physical = 2637 ; free virtual = 13741

Phase 2.2 Update Timing before SLR Path Opt
Phase 2.2 Update Timing before SLR Path Opt | Checksum: 2db78dac5

Time (s): cpu = 00:00:01 ; elapsed = 00:00:00.41 . Memory (MB): peak = 2855.520 ; gain = 0.000 ; free physical = 2651 ; free virtual = 13755

Phase 2.3 Post-Processing in Floorplanning
Phase 2.3 Post-Processing in Floorplanning | Checksum: 2db78dac5

Time (s): cpu = 00:00:01 ; elapsed = 00:00:00.41 . Memory (MB): peak = 2855.520 ; gain = 0.000 ; free physical = 2651 ; free virtual = 13755

Phase 2.4 Global Place Phase1
Phase 2.4 Global Place Phase1 | Checksum: 30e7091b0

Time (s): cpu = 00:00:04 ; elapsed = 00:00:01 . Memory (MB): peak = 2855.520 ; gain = 0.000 ; free physical = 2649 ; free virtual = 13754

Phase 2.5 Global Place Phase2

Phase 2.5.1 UpdateTiming Before Physical Synthesis
Phase 2.5.1 UpdateTiming Before Physical Synthesis | Checksum: 30e7091b0

Time (s): cpu = 00:00:04 ; elapsed = 00:00:01 . Memory (MB): peak = 2855.520 ; gain = 0.000 ; free physical = 2651 ; free virtual = 13756

Phase 2.5.2 Physical Synthesis In Placer
INFO: [Physopt 32-1035] Found 0 LUTNM shape to break, 69 LUT instances to create LUTNM shape
INFO: [Physopt 32-1044] Break lutnm for timing: one critical 0, two critical 0, total 0, new lutff created 0
INFO: [Physopt 32-1138] End 1 Pass. Optimized 29 nets or LUTs. Breaked 0 LUT, combined 29 existing LUTs and moved 0 existing LUT
INFO: [Physopt 32-65] No nets found for high-fanout optimization.
INFO: [Physopt 32-232] Optimized 0 net. Created 0 new instance.
INFO: [Physopt 32-775] End 1 Pass. Optimized 0 net or cell. Created 0 new cell, deleted 0 existing cell and moved 0 existing cell
INFO: [Physopt 32-670] No setup violation found.  DSP Register Optimization was not performed.
INFO: [Physopt 32-670] No setup violation found.  Shift Register to Pipeline Optimization was not performed.
INFO: [Physopt 32-670] No setup violation found.  Shift Register Optimization was not performed.
INFO: [Physopt 32-670] No setup violation found.  BRAM Register Optimization was not performed.
INFO: [Physopt 32-670] No setup violation found.  URAM Register Optimization was not performed.
INFO: [Physopt 32-949] No candidate nets found for dynamic/static region interface net replication
INFO: [Physopt 32-775] End 1 Pass. Optimized 0 net or cell. Created 0 new cell, deleted 0 existing cell and moved 0 existing cell
Netlist sorting complete. Time (s): cpu = 00:00:00 ; elapsed = 00:00:00 . Memory (MB): peak = 2855.520 ; gain = 0.000 ; free physical = 2650 ; free virtual = 13755

Summary of Physical Synthesis Optimizations
============================================


-----------------------------------------------------------------------------------------------------------------------------------------------------------
|  Optimization                                     |  Added Cells  |  Removed Cells  |  Optimized Cells/Nets  |  Dont Touch  |  Iterations  |  Elapsed   |
-----------------------------------------------------------------------------------------------------------------------------------------------------------
|  LUT Combining                                    |            0  |             29  |                    29  |           0  |           1  |  00:00:00  |
|  Retime                                           |            0  |              0  |                     0  |           0  |           1  |  00:00:00  |
|  Very High Fanout                                 |            0  |              0  |                     0  |           0  |           1  |  00:00:00  |
|  DSP Register                                     |            0  |              0  |                     0  |           0  |           0  |  00:00:00  |
|  Shift Register to Pipeline                       |            0  |              0  |                     0  |           0  |           0  |  00:00:00  |
|  Shift Register                                   |            0  |              0  |                     0  |           0  |           0  |  00:00:00  |
|  BRAM Register                                    |            0  |              0  |                     0  |           0  |           0  |  00:00:00  |
|  URAM Register                                    |            0  |              0  |                     0  |           0  |           0  |  00:00:00  |
|  Dynamic/Static Region Interface Net Replication  |            0  |              0  |                     0  |           0  |           1  |  00:00:00  |
|  Total                                            |            0  |             29  |                    29  |           0  |           4  |  00:00:00  |
-----------------------------------------------------------------------------------------------------------------------------------------------------------


Phase 2.5.2 Physical Synthesis In Placer | Checksum: 1fa010d6c

Time (s): cpu = 00:00:05 ; elapsed = 00:00:02 . Memory (MB): peak = 2855.520 ; gain = 0.000 ; free physical = 2650 ; free virtual = 13755
Phase 2.5 Global Place Phase2 | Checksum: 17fe90341

Time (s): cpu = 00:00:05 ; elapsed = 00:00:02 . Memory (MB): peak = 2855.520 ; gain = 0.000 ; free physical = 2648 ; free virtual = 13753
Phase 2 Global Placement | Checksum: 17fe90341

Time (s): cpu = 00:00:05 ; elapsed = 00:00:02 . Memory (MB): peak = 2855.520 ; gain = 0.000 ; free physical = 2648 ; free virtual = 13753

Phase 3 Detail Placement

Phase 3.1 Commit Multi Column Macros
Phase 3.1 Commit Multi Column Macros | Checksum: 1b7342bb9

Time (s): cpu = 00:00:05 ; elapsed = 00:00:02 . Memory (MB): peak = 2855.520 ; gain = 0.000 ; free physical = 2648 ; free virtual = 13753

Phase 3.2 Commit Most Macros & LUTRAMs
Phase 3.2 Commit Most Macros & LUTRAMs | Checksum: 137255571

Time (s): cpu = 00:00:06 ; elapsed = 00:00:02 . Memory (MB): peak = 2855.520 ; gain = 0.000 ; free physical = 2648 ; free virtual = 13753

Phase 3.3 Area Swap Optimization
Phase 3.3 Area Swap Optimization | Checksum: 1abcc24c9

Time (s): cpu = 00:00:06 ; elapsed = 00:00:02 . Memory (MB): peak = 2855.520 ; gain = 0.000 ; free physical = 2648 ; free virtual = 13753

Phase 3.4 Pipeline Register Optimization
Phase 3.4 Pipeline Register Optimization | Checksum: 1134cd6a7

Time (s): cpu = 00:00:06 ; elapsed = 00:00:02 . Memory (MB): peak = 2855.520 ; gain = 0.000 ; free physical = 2648 ; free virtual = 13753

Phase 3.5 Small Shape Detail Placement
Phase 3.5 Small Shape Detail Placement | Checksum: 13718e8a9

Time (s): cpu = 00:00:06 ; elapsed = 00:00:02 . Memory (MB): peak = 2855.520 ; gain = 0.000 ; free physical = 2647 ; free virtual = 13752

Phase 3.6 Re-assign LUT pins
Phase 3.6 Re-assign LUT pins | Checksum: 1223132cd

Time (s): cpu = 00:00:06 ; elapsed = 00:00:02 . Memory (MB): peak = 2855.520 ; gain = 0.000 ; free physical = 2647 ; free virtual = 13752

Phase 3.7 Pipeline Register Optimization
Phase 3.7 Pipeline Register Optimization | Checksum: 1a6b0e097

Time (s): cpu = 00:00:06 ; elapsed = 00:00:02 . Memory (MB): peak = 2855.520 ; gain = 0.000 ; free physical = 2647 ; free virtual = 13752
Phase 3 Detail Placement | Checksum: 1a6b0e097

Time (s): cpu = 00:00:06 ; elapsed = 00:00:02 . Memory (MB): peak = 2855.520 ; gain = 0.000 ; free physical = 2647 ; free virtual = 13752

Phase 4 Post Placement Optimization and Clean-Up

Phase 4.1 Post Commit Optimization
INFO: [Timing 38-35] Done setting XDC timing constraints.

Phase 4.1.1 Post Placement Optimization
Post Placement Optimization Initialization | Checksum: 209274716

Phase 4.1.1.1 BUFG Insertion

Starting Physical Synthesis Task

Phase 1 Physical Synthesis Initialization
INFO: [Physopt 32-721] Multithreading enabled for phys_opt_design using a maximum of 8 CPUs
INFO: [Physopt 32-619] Estimated Timing Summary | WNS=32.098 | TNS=0.000 |
Phase 1 Physical Synthesis Initialization | Checksum: 1af452638

Time (s): cpu = 00:00:00.17 ; elapsed = 00:00:00.03 . Memory (MB): peak = 2855.520 ; gain = 0.000 ; free physical = 2647 ; free virtual = 13752
INFO: [Place 46-56] BUFG insertion identified 0 candidate nets. Inserted BUFG: 0, Replicated BUFG Driver: 0, Skipped due to Placement/Routing Conflicts: 0, Skipped due to Timing Degradation: 0, Skipped due to netlist editing failed: 0.
Ending Physical Synthesis Task | Checksum: 1be82e6e8

Time (s): cpu = 00:00:00.19 ; elapsed = 00:00:00.04 . Memory (MB): peak = 2855.520 ; gain = 0.000 ; free physical = 2647 ; free virtual = 13752
Phase 4.1.1.1 BUFG Insertion | Checksum: 209274716

Time (s): cpu = 00:00:07 ; elapsed = 00:00:02 . Memory (MB): peak = 2855.520 ; gain = 0.000 ; free physical = 2647 ; free virtual = 13752

Phase 4.1.1.2 Post Placement Timing Optimization
INFO: [Place 30-746] Post Placement Timing Summary WNS=32.098. For the most accurate timing information please run report_timing.
Phase 4.1.1.2 Post Placement Timing Optimization | Checksum: 260d1327e

Time (s): cpu = 00:00:07 ; elapsed = 00:00:02 . Memory (MB): peak = 2855.520 ; gain = 0.000 ; free physical = 2647 ; free virtual = 13752

Time (s): cpu = 00:00:07 ; elapsed = 00:00:02 . Memory (MB): peak = 2855.520 ; gain = 0.000 ; free physical = 2647 ; free virtual = 13752
Phase 4.1 Post Commit Optimization | Checksum: 260d1327e

Time (s): cpu = 00:00:07 ; elapsed = 00:00:02 . Memory (MB): peak = 2855.520 ; gain = 0.000 ; free physical = 2647 ; free virtual = 13752

Phase 4.2 Post Placement Cleanup
Phase 4.2 Post Placement Cleanup | Checksum: 260d1327e

Time (s): cpu = 00:00:07 ; elapsed = 00:00:02 . Memory (MB): peak = 2855.520 ; gain = 0.000 ; free physical = 2647 ; free virtual = 13752

Phase 4.3 Placer Reporting

Phase 4.3.1 Print Estimated Congestion
INFO: [Place 30-612] Post-Placement Estimated Congestion 
 ____________________________________________________
|           | Global Congestion | Short Congestion  |
| Direction | Region Size       | Region Size       |
|___________|___________________|___________________|
|      North|                1x1|                1x1|
|___________|___________________|___________________|
|      South|                1x1|                1x1|
|___________|___________________|___________________|
|       East|                1x1|                1x1|
|___________|___________________|___________________|
|       West|                1x1|                1x1|
|___________|___________________|___________________|

Phase 4.3.1 Print Estimated Congestion | Checksum: 260d1327e

Time (s): cpu = 00:00:07 ; elapsed = 00:00:02 . Memory (MB): peak = 2855.520 ; gain = 0.000 ; free physical = 2647 ; free virtual = 13752
Phase 4.3 Placer Reporting | Checksum: 260d1327e

Time (s): cpu = 00:00:07 ; elapsed = 00:00:02 . Memory (MB): peak = 2855.520 ; gain = 0.000 ; free physical = 2647 ; free virtual = 13752

Phase 4.4 Final Placement Cleanup
Netlist sorting complete. Time (s): cpu = 00:00:00 ; elapsed = 00:00:00 . Memory (MB): peak = 2855.520 ; gain = 0.000 ; free physical = 2647 ; free virtual = 13752

Time (s): cpu = 00:00:07 ; elapsed = 00:00:02 . Memory (MB): peak = 2855.520 ; gain = 0.000 ; free physical = 2647 ; free virtual = 13752
Phase 4 Post Placement Optimization and Clean-Up | Checksum: 21c0cff16

Time (s): cpu = 00:00:07 ; elapsed = 00:00:02 . Memory (MB): peak = 2855.520 ; gain = 0.000 ; free physical = 2647 ; free virtual = 13752
Ending Placer Task | Checksum: 1218f9344

Time (s): cpu = 00:00:07 ; elapsed = 00:00:02 . Memory (MB): peak = 2855.520 ; gain = 0.000 ; free physical = 2647 ; free virtual = 13752
75 Infos, 1 Warnings, 0 Critical Warnings and 0 Errors encountered.
place_design completed successfully
INFO: [Vivado 12-24838] Running report commands "report_control_sets, report_io, report_utilization" in parallel.
Running report generation with 3 threads.
INFO: [Vivado 12-24828] Executing command : report_utilization -file OV_VGA_utilization_placed.rpt -pb OV_VGA_utilization_placed.pb
INFO: [Vivado 12-24828] Executing command : report_control_sets -verbose -file OV_VGA_control_sets_placed.rpt
report_control_sets: Time (s): cpu = 00:00:00.04 ; elapsed = 00:00:00.07 . Memory (MB): peak = 2855.520 ; gain = 0.000 ; free physical = 2636 ; free virtual = 13740
INFO: [Vivado 12-24828] Executing command : report_io -file OV_VGA_io_placed.rpt
report_io: Time (s): cpu = 00:00:00.08 ; elapsed = 00:00:00.12 . Memory (MB): peak = 2855.520 ; gain = 0.000 ; free physical = 2635 ; free virtual = 13739
INFO: [Timing 38-480] Writing timing data to binary archive.
Write ShapeDB Complete: Time (s): cpu = 00:00:00.01 ; elapsed = 00:00:00.01 . Memory (MB): peak = 2855.520 ; gain = 0.000 ; free physical = 2635 ; free virtual = 13739
Wrote PlaceDB: Time (s): cpu = 00:00:00.17 ; elapsed = 00:00:00.05 . Memory (MB): peak = 2855.520 ; gain = 0.000 ; free physical = 2633 ; free virtual = 13739
Wrote PulsedLatchDB: Time (s): cpu = 00:00:00 ; elapsed = 00:00:00 . Memory (MB): peak = 2855.520 ; gain = 0.000 ; free physical = 2633 ; free virtual = 13739
Writing XDEF routing.
Writing XDEF routing logical nets.
Writing XDEF routing special nets.
Wrote RouteStorage: Time (s): cpu = 00:00:00.02 ; elapsed = 00:00:00.01 . Memory (MB): peak = 2855.520 ; gain = 0.000 ; free physical = 2633 ; free virtual = 13739
Wrote Netlist Cache: Time (s): cpu = 00:00:00.01 ; elapsed = 00:00:00 . Memory (MB): peak = 2855.520 ; gain = 0.000 ; free physical = 2633 ; free virtual = 13739
Wrote Device Cache: Time (s): cpu = 00:00:00 ; elapsed = 00:00:00.01 . Memory (MB): peak = 2855.520 ; gain = 0.000 ; free physical = 2632 ; free virtual = 13739
Write Physdb Complete: Time (s): cpu = 00:00:00.2 ; elapsed = 00:00:00.07 . Memory (MB): peak = 2855.520 ; gain = 0.000 ; free physical = 2632 ; free virtual = 13739
INFO: [Common 17-1381] The checkpoint '/home/jsh-laptop/workspace_ondevice_2/fpga/self_study/OV7670_2/OV7670_2.runs/impl_1/OV_VGA_placed.dcp' has been generated.
Command: phys_opt_design
Attempting to get a license for feature 'Implementation' and/or device 'xc7a35t'
INFO: [Common 17-349] Got license for feature 'Implementation' and/or device 'xc7a35t'

Starting Initial Update Timing Task

Time (s): cpu = 00:00:00.44 ; elapsed = 00:00:00.18 . Memory (MB): peak = 2855.520 ; gain = 0.000 ; free physical = 2624 ; free virtual = 13729
INFO: [Vivado_Tcl 4-2279] Estimated Timing Summary | WNS= 32.098 | TNS= 0.000 | 
INFO: [Vivado_Tcl 4-383] Design worst setup slack (WNS) is greater than or equal to 0.000 ns. All physical synthesis setup optimizations will be skipped.
INFO: [Vivado_Tcl 4-232] No setup violation found. The netlist was not modified.
INFO: [Common 17-83] Releasing license: Implementation
86 Infos, 1 Warnings, 0 Critical Warnings and 0 Errors encountered.
phys_opt_design completed successfully
INFO: [Timing 38-480] Writing timing data to binary archive.
Write ShapeDB Complete: Time (s): cpu = 00:00:00.01 ; elapsed = 00:00:00 . Memory (MB): peak = 2855.520 ; gain = 0.000 ; free physical = 2624 ; free virtual = 13729
Wrote PlaceDB: Time (s): cpu = 00:00:00.15 ; elapsed = 00:00:00.04 . Memory (MB): peak = 2855.520 ; gain = 0.000 ; free physical = 2623 ; free virtual = 13730
Wrote PulsedLatchDB: Time (s): cpu = 00:00:00 ; elapsed = 00:00:00 . Memory (MB): peak = 2855.520 ; gain = 0.000 ; free physical = 2623 ; free virtual = 13730
Writing XDEF routing.
Writing XDEF routing logical nets.
Writing XDEF routing special nets.
Wrote RouteStorage: Time (s): cpu = 00:00:00.03 ; elapsed = 00:00:00.01 . Memory (MB): peak = 2855.520 ; gain = 0.000 ; free physical = 2623 ; free virtual = 13730
Wrote Netlist Cache: Time (s): cpu = 00:00:00 ; elapsed = 00:00:00 . Memory (MB): peak = 2855.520 ; gain = 0.000 ; free physical = 2623 ; free virtual = 13730
Wrote Device Cache: Time (s): cpu = 00:00:00 ; elapsed = 00:00:00.01 . Memory (MB): peak = 2855.520 ; gain = 0.000 ; free physical = 2623 ; free virtual = 13731
Write Physdb Complete: Time (s): cpu = 00:00:00.18 ; elapsed = 00:00:00.06 . Memory (MB): peak = 2855.520 ; gain = 0.000 ; free physical = 2623 ; free virtual = 13731
INFO: [Common 17-1381] The checkpoint '/home/jsh-laptop/workspace_ondevice_2/fpga/self_study/OV7670_2/OV7670_2.runs/impl_1/OV_VGA_physopt.dcp' has been generated.
Command: route_design
Attempting to get a license for feature 'Implementation' and/or device 'xc7a35t'
INFO: [Common 17-349] Got license for feature 'Implementation' and/or device 'xc7a35t'


Starting Routing Task
INFO: [Route 35-254] Multithreading enabled for route_design using a maximum of 8 CPUs

Phase 1 Build RT Design
Checksum: PlaceDB: 118fe4c3 ConstDB: 0 ShapeSum: 6f7e522a RouteDB: a0815c57
Post Restoration Checksum: NetGraph: e506735c | NumContArr: 8b0ebdbb | Constraints: c2a8fa9d | Timing: c2a8fa9d
Phase 1 Build RT Design | Checksum: 2f5672651

Time (s): cpu = 00:00:11 ; elapsed = 00:00:09 . Memory (MB): peak = 2855.520 ; gain = 0.000 ; free physical = 2597 ; free virtual = 13703

Phase 2 Router Initialization

Phase 2.1 Fix Topology Constraints
Phase 2.1 Fix Topology Constraints | Checksum: 2f5672651

Time (s): cpu = 00:00:11 ; elapsed = 00:00:09 . Memory (MB): peak = 2855.520 ; gain = 0.000 ; free physical = 2597 ; free virtual = 13703

Phase 2.2 Pre Route Cleanup
Phase 2.2 Pre Route Cleanup | Checksum: 2f5672651

Time (s): cpu = 00:00:11 ; elapsed = 00:00:09 . Memory (MB): peak = 2855.520 ; gain = 0.000 ; free physical = 2597 ; free virtual = 13703
 Number of Nodes with overlaps = 0

Phase 2.3 Update Timing
Phase 2.3 Update Timing | Checksum: 1c377f311

Time (s): cpu = 00:00:12 ; elapsed = 00:00:10 . Memory (MB): peak = 2855.520 ; gain = 0.000 ; free physical = 2574 ; free virtual = 13679
INFO: [Route 35-416] Intermediate Timing Summary | WNS=32.093 | TNS=0.000  | WHS=-0.366 | THS=-58.742|


Router Utilization Summary
  Global Vertical Routing Utilization    = 0.00358766 %
  Global Horizontal Routing Utilization  = 0.00377408 %
  Routable Net Status*
  *Does not include unroutable nets such as driverless and loadless.
  Run report_route_status for detailed report.
  Number of Failed Nets               = 886
    (Failed Nets is the sum of unrouted and partially routed nets)
  Number of Unrouted Nets             = 886
  Number of Partially Routed Nets     = 0
  Number of Node Overlaps             = 0

Phase 2 Router Initialization | Checksum: 219bca2f4

Time (s): cpu = 00:00:12 ; elapsed = 00:00:10 . Memory (MB): peak = 2855.520 ; gain = 0.000 ; free physical = 2576 ; free virtual = 13681

Phase 3 Global Routing
Phase 3 Global Routing | Checksum: 219bca2f4

Time (s): cpu = 00:00:12 ; elapsed = 00:00:10 . Memory (MB): peak = 2855.520 ; gain = 0.000 ; free physical = 2576 ; free virtual = 13681

Phase 4 Initial Routing

Phase 4.1 Initial Net Routing Pass
Phase 4.1 Initial Net Routing Pass | Checksum: 1ea075e32

Time (s): cpu = 00:00:17 ; elapsed = 00:00:11 . Memory (MB): peak = 2855.520 ; gain = 0.000 ; free physical = 2539 ; free virtual = 13645
Phase 4 Initial Routing | Checksum: 1ea075e32

Time (s): cpu = 00:00:17 ; elapsed = 00:00:11 . Memory (MB): peak = 2855.520 ; gain = 0.000 ; free physical = 2539 ; free virtual = 13645

Phase 5 Rip-up And Reroute

Phase 5.1 Global Iteration 0
 Number of Nodes with overlaps = 49
 Number of Nodes with overlaps = 0
INFO: [Route 35-416] Intermediate Timing Summary | WNS=30.765 | TNS=0.000  | WHS=N/A    | THS=N/A    |

Phase 5.1 Global Iteration 0 | Checksum: 2aad53e42

Time (s): cpu = 00:00:18 ; elapsed = 00:00:11 . Memory (MB): peak = 2855.520 ; gain = 0.000 ; free physical = 2541 ; free virtual = 13646

Phase 5.2 Global Iteration 1
 Number of Nodes with overlaps = 0
INFO: [Route 35-416] Intermediate Timing Summary | WNS=30.765 | TNS=0.000  | WHS=N/A    | THS=N/A    |

Phase 5.2 Global Iteration 1 | Checksum: 2e6571172

Time (s): cpu = 00:00:18 ; elapsed = 00:00:11 . Memory (MB): peak = 2855.520 ; gain = 0.000 ; free physical = 2540 ; free virtual = 13646
Phase 5 Rip-up And Reroute | Checksum: 2e6571172

Time (s): cpu = 00:00:18 ; elapsed = 00:00:11 . Memory (MB): peak = 2855.520 ; gain = 0.000 ; free physical = 2540 ; free virtual = 13646

Phase 6 Delay and Skew Optimization

Phase 6.1 Delay CleanUp
Phase 6.1 Delay CleanUp | Checksum: 2e6571172

Time (s): cpu = 00:00:18 ; elapsed = 00:00:11 . Memory (MB): peak = 2855.520 ; gain = 0.000 ; free physical = 2540 ; free virtual = 13646

Phase 6.2 Clock Skew Optimization
Phase 6.2 Clock Skew Optimization | Checksum: 2e6571172

Time (s): cpu = 00:00:18 ; elapsed = 00:00:11 . Memory (MB): peak = 2855.520 ; gain = 0.000 ; free physical = 2540 ; free virtual = 13646
Phase 6 Delay and Skew Optimization | Checksum: 2e6571172

Time (s): cpu = 00:00:18 ; elapsed = 00:00:11 . Memory (MB): peak = 2855.520 ; gain = 0.000 ; free physical = 2540 ; free virtual = 13646

Phase 7 Post Hold Fix

Phase 7.1 Hold Fix Iter
INFO: [Route 35-416] Intermediate Timing Summary | WNS=30.765 | TNS=0.000  | WHS=0.012  | THS=0.000  |

Phase 7.1 Hold Fix Iter | Checksum: 26af95255

Time (s): cpu = 00:00:18 ; elapsed = 00:00:11 . Memory (MB): peak = 2855.520 ; gain = 0.000 ; free physical = 2540 ; free virtual = 13646
Phase 7 Post Hold Fix | Checksum: 26af95255

Time (s): cpu = 00:00:18 ; elapsed = 00:00:11 . Memory (MB): peak = 2855.520 ; gain = 0.000 ; free physical = 2540 ; free virtual = 13646

Phase 8 Route finalize

Router Utilization Summary
  Global Vertical Routing Utilization    = 1.07614 %
  Global Horizontal Routing Utilization  = 0.845653 %
  Routable Net Status*
  *Does not include unroutable nets such as driverless and loadless.
  Run report_route_status for detailed report.
  Number of Failed Nets               = 0
    (Failed Nets is the sum of unrouted and partially routed nets)
  Number of Unrouted Nets             = 0
  Number of Partially Routed Nets     = 0
  Number of Node Overlaps             = 0

Phase 8 Route finalize | Checksum: 26af95255

Time (s): cpu = 00:00:18 ; elapsed = 00:00:11 . Memory (MB): peak = 2855.520 ; gain = 0.000 ; free physical = 2540 ; free virtual = 13646

Phase 9 Verifying routed nets

 Verification completed successfully
Phase 9 Verifying routed nets | Checksum: 26af95255

Time (s): cpu = 00:00:18 ; elapsed = 00:00:11 . Memory (MB): peak = 2855.520 ; gain = 0.000 ; free physical = 2540 ; free virtual = 13646

Phase 10 Depositing Routes
Phase 10 Depositing Routes | Checksum: 242e6524a

Time (s): cpu = 00:00:18 ; elapsed = 00:00:11 . Memory (MB): peak = 2855.520 ; gain = 0.000 ; free physical = 2540 ; free virtual = 13646

Phase 11 Post Process Routing
Phase 11 Post Process Routing | Checksum: 242e6524a

Time (s): cpu = 00:00:18 ; elapsed = 00:00:11 . Memory (MB): peak = 2855.520 ; gain = 0.000 ; free physical = 2540 ; free virtual = 13646

Phase 12 Post Router Timing
INFO: [Route 35-57] Estimated Timing Summary | WNS=30.765 | TNS=0.000  | WHS=0.012  | THS=0.000  |

INFO: [Route 35-327] The final timing numbers are based on the router estimated timing analysis. For a complete and accurate timing signoff, please run report_timing_summary.
Phase 12 Post Router Timing | Checksum: 242e6524a

Time (s): cpu = 00:00:18 ; elapsed = 00:00:11 . Memory (MB): peak = 2855.520 ; gain = 0.000 ; free physical = 2540 ; free virtual = 13646
Total Elapsed time in route_design: 11.37 secs

Phase 13 Post-Route Event Processing
Phase 13 Post-Route Event Processing | Checksum: 159855a13

Time (s): cpu = 00:00:18 ; elapsed = 00:00:11 . Memory (MB): peak = 2855.520 ; gain = 0.000 ; free physical = 2540 ; free virtual = 13646
INFO: [Route 35-16] Router Completed Successfully
Ending Routing Task | Checksum: 159855a13

Time (s): cpu = 00:00:18 ; elapsed = 00:00:11 . Memory (MB): peak = 2855.520 ; gain = 0.000 ; free physical = 2540 ; free virtual = 13646

Routing Is Done.
INFO: [Common 17-83] Releasing license: Implementation
98 Infos, 1 Warnings, 0 Critical Warnings and 0 Errors encountered.
route_design completed successfully
route_design: Time (s): cpu = 00:00:18 ; elapsed = 00:00:11 . Memory (MB): peak = 2855.520 ; gain = 0.000 ; free physical = 2540 ; free virtual = 13646
INFO: [Vivado 12-24828] Executing command : report_drc -file OV_VGA_drc_routed.rpt -pb OV_VGA_drc_routed.pb -rpx OV_VGA_drc_routed.rpx
Command: report_drc -file OV_VGA_drc_routed.rpt -pb OV_VGA_drc_routed.pb -rpx OV_VGA_drc_routed.rpx
INFO: [IP_Flow 19-1839] IP Catalog is up to date.
INFO: [DRC 23-27] Running DRC with 8 threads
INFO: [Vivado_Tcl 2-168] The results of DRC are in file /home/jsh-laptop/workspace_ondevice_2/fpga/self_study/OV7670_2/OV7670_2.runs/impl_1/OV_VGA_drc_routed.rpt.
report_drc completed successfully
INFO: [Vivado 12-24828] Executing command : report_methodology -file OV_VGA_methodology_drc_routed.rpt -pb OV_VGA_methodology_drc_routed.pb -rpx OV_VGA_methodology_drc_routed.rpx
Command: report_methodology -file OV_VGA_methodology_drc_routed.rpt -pb OV_VGA_methodology_drc_routed.pb -rpx OV_VGA_methodology_drc_routed.rpx
INFO: [Timing 38-35] Done setting XDC timing constraints.
INFO: [DRC 23-133] Running Methodology with 8 threads
INFO: [Vivado_Tcl 2-1520] The results of Report Methodology are in file /home/jsh-laptop/workspace_ondevice_2/fpga/self_study/OV7670_2/OV7670_2.runs/impl_1/OV_VGA_methodology_drc_routed.rpt.
report_methodology completed successfully
INFO: [Vivado 12-24828] Executing command : report_timing_summary -max_paths 10 -report_unconstrained -file OV_VGA_timing_summary_routed.rpt -pb OV_VGA_timing_summary_routed.pb -rpx OV_VGA_timing_summary_routed.rpx -warn_on_violation 
INFO: [Timing 38-35] Done setting XDC timing constraints.
INFO: [Timing 38-91] UpdateTimingParams: Speed grade: -1, Delay Type: min_max.
INFO: [Timing 38-191] Multithreading enabled for timing update using a maximum of 8 CPUs
INFO: [Vivado 12-24838] Running report commands "report_bus_skew, report_incremental_reuse, report_route_status" in parallel.
Running report generation with 3 threads.
INFO: [Vivado 12-24828] Executing command : report_route_status -file OV_VGA_route_status.rpt -pb OV_VGA_route_status.pb
INFO: [Vivado 12-24828] Executing command : report_incremental_reuse -file OV_VGA_incremental_reuse_routed.rpt
INFO: [Vivado_Tcl 4-1062] Incremental flow is disabled. No incremental reuse Info to report.
INFO: [Vivado 12-24828] Executing command : report_bus_skew -warn_on_violation -file OV_VGA_bus_skew_routed.rpt -pb OV_VGA_bus_skew_routed.pb -rpx OV_VGA_bus_skew_routed.rpx
INFO: [Timing 38-91] UpdateTimingParams: Speed grade: -1, Delay Type: min_max.
INFO: [Timing 38-191] Multithreading enabled for timing update using a maximum of 8 CPUs
INFO: [Vivado 12-24828] Executing command : report_power -file OV_VGA_power_routed.rpt -pb OV_VGA_power_summary_routed.pb -rpx OV_VGA_power_routed.rpx
Command: report_power -file OV_VGA_power_routed.rpt -pb OV_VGA_power_summary_routed.pb -rpx OV_VGA_power_routed.rpx
Running Vector-less Activity Propagation...

Finished Running Vector-less Activity Propagation
118 Infos, 1 Warnings, 0 Critical Warnings and 0 Errors encountered.
report_power completed successfully
INFO: [Vivado 12-24828] Executing command : report_clock_utilization -file OV_VGA_clock_utilization_routed.rpt
INFO: [Timing 38-480] Writing timing data to binary archive.
Write ShapeDB Complete: Time (s): cpu = 00:00:00.01 ; elapsed = 00:00:00.01 . Memory (MB): peak = 2925.859 ; gain = 0.000 ; free physical = 2473 ; free virtual = 13582
Wrote PlaceDB: Time (s): cpu = 00:00:00.17 ; elapsed = 00:00:00.06 . Memory (MB): peak = 2925.859 ; gain = 0.000 ; free physical = 2471 ; free virtual = 13581
Wrote PulsedLatchDB: Time (s): cpu = 00:00:00 ; elapsed = 00:00:00 . Memory (MB): peak = 2925.859 ; gain = 0.000 ; free physical = 2471 ; free virtual = 13581
Writing XDEF routing.
Writing XDEF routing logical nets.
Writing XDEF routing special nets.
Wrote RouteStorage: Time (s): cpu = 00:00:00.05 ; elapsed = 00:00:00.02 . Memory (MB): peak = 2925.859 ; gain = 0.000 ; free physical = 2471 ; free virtual = 13581
Wrote Netlist Cache: Time (s): cpu = 00:00:00 ; elapsed = 00:00:00 . Memory (MB): peak = 2925.859 ; gain = 0.000 ; free physical = 2471 ; free virtual = 13582
Wrote Device Cache: Time (s): cpu = 00:00:00.01 ; elapsed = 00:00:00 . Memory (MB): peak = 2925.859 ; gain = 0.000 ; free physical = 2470 ; free virtual = 13582
Write Physdb Complete: Time (s): cpu = 00:00:00.23 ; elapsed = 00:00:00.08 . Memory (MB): peak = 2925.859 ; gain = 0.000 ; free physical = 2470 ; free virtual = 13582
INFO: [Common 17-1381] The checkpoint '/home/jsh-laptop/workspace_ondevice_2/fpga/self_study/OV7670_2/OV7670_2.runs/impl_1/OV_VGA_routed.dcp' has been generated.
Command: write_bitstream -force OV_VGA.bit
Attempting to get a license for feature 'Implementation' and/or device 'xc7a35t'
INFO: [Common 17-349] Got license for feature 'Implementation' and/or device 'xc7a35t'
Running DRC as a precondition to command write_bitstream
INFO: [IP_Flow 19-1839] IP Catalog is up to date.
INFO: [DRC 23-27] Running DRC with 8 threads
INFO: [Vivado 12-3199] DRC finished with 0 Errors
INFO: [Vivado 12-3200] Please refer to the DRC report (report_drc) for more information.
INFO: [Designutils 20-2272] Running write_bitstream with 8 threads.
Loading data files...
Loading site data...
Loading route data...
Processing options...
Creating bitmap...
Creating bitstream...
Bitstream compression saved 11526720 bits.
Writing bitstream ./OV_VGA.bit...
INFO: [Vivado 12-1842] Bitgen Completed Successfully.
INFO: [Project 1-1876] WebTalk data collection is mandatory when using a ULT device. To see the specific WebTalk data collected for your design, open the usage_statistics_webtalk.html or usage_statistics_webtalk.xml file in the implementation directory.
INFO: [Common 17-83] Releasing license: Implementation
130 Infos, 1 Warnings, 0 Critical Warnings and 0 Errors encountered.
write_bitstream completed successfully
write_bitstream: Time (s): cpu = 00:00:23 ; elapsed = 00:00:17 . Memory (MB): peak = 3186.695 ; gain = 260.836 ; free physical = 2177 ; free virtual = 13288
INFO: [Common 17-206] Exiting Vivado at Tue Mar 31 14:38:30 2026...
