INFO: [VRFC 10-2263] Analyzing Verilog file "/home/kwakyj91/workspace_ondevice_2/fpga/combination_logic/combination_logic.srcs/sources_1/new/sequential_logic.v" into library xil_defaultlib
INFO: [VRFC 10-311] analyzing module sequential_logic
INFO: [VRFC 10-311] analyzing module D_flip_flop
INFO: [VRFC 10-311] analyzing module D_flip_flop_n
INFO: [VRFC 10-311] analyzing module D_flip_flop_p
INFO: [VRFC 10-311] analyzing module T_flip_flop_n
INFO: [VRFC 10-311] analyzing module T_flip_flop_p
INFO: [VRFC 10-311] analyzing module up_counter_asyc
INFO: [VRFC 10-311] analyzing module down_counter_asyc
INFO: [VRFC 10-311] analyzing module up_counter_p
INFO: [VRFC 10-311] analyzing module down_counter_p
INFO: [VRFC 10-311] analyzing module ring_counter
INFO: [VRFC 10-311] analyzing module edge_detector_n
INFO: [VRFC 10-311] analyzing module clock_div_100
INFO: [VRFC 10-311] analyzing module clock_div_1000
INFO: [VRFC 10-311] analyzing module clock_div_1hz_top
INFO: [VRFC 10-311] analyzing module top_led
INFO: [VRFC 10-311] analyzing module led_blink_1s
INFO: [VRFC 10-311] analyzing module led_pattern
INFO: [VRFC 10-311] analyzing module shift_register_SISO_n
INFO: [VRFC 10-2263] Analyzing Verilog file "/home/kwakyj91/workspace_ondevice_2/fpga/combination_logic/combination_logic.srcs/sim_1/new/tb_D_flip_flop.v" into library xil_defaultlib
INFO: [VRFC 10-311] analyzing module tb_D_flip_flop
INFO: [VRFC 10-311] analyzing module tb_D_flip_flop_n
INFO: [VRFC 10-311] analyzing module tb_T_flip_flop_n
INFO: [VRFC 10-311] analyzing module tb_up_count_asyc
INFO: [VRFC 10-311] analyzing module tb_down_counter_asyc
INFO: [VRFC 10-311] analyzing module tb_up_down_counter
INFO: [VRFC 10-311] analyzing module tb_ring_counter
INFO: [VRFC 10-311] analyzing module tb_edge_detector_n
INFO: [VRFC 10-311] analyzing module tb_clock_div_100
INFO: [VRFC 10-311] analyzing module tb_clock_div_1000
INFO: [VRFC 10-311] analyzing module tb_shift_register_SISO_n
